2020-09-10 21:55:12 [main] INFO  o.s.b.t.a.w.s.WebMvcTestContextBootstrapper -
				Neither @ContextConfiguration nor @ContextHierarchy found for test class [com.stackroute.keepnote.test.controller.CategoryControllerTest], using SpringBootContextLoader
2020-09-10 21:55:12 [main] INFO  o.s.t.c.s.AbstractContextLoader -
				Could not detect default resource locations for test class [com.stackroute.keepnote.test.controller.CategoryControllerTest]: no resource found for suffixes {-context.xml, Context.groovy}.
2020-09-10 21:55:12 [main] INFO  o.s.t.c.s.AnnotationConfigContextLoaderUtils -
				Could not detect default configuration classes for test class [com.stackroute.keepnote.test.controller.CategoryControllerTest]: CategoryControllerTest does not declare any static, non-private, non-final, nested classes annotated with @Configuration.
2020-09-10 21:55:12 [main] INFO  o.s.b.t.c.SpringBootTestContextBootstrapper -
				Found @SpringBootConfiguration com.stackroute.keepnote.CategoryServiceApplication for test class com.stackroute.keepnote.test.controller.CategoryControllerTest
2020-09-10 21:55:12 [main] INFO  o.s.b.t.a.w.s.WebMvcTestContextBootstrapper -
				Loaded default TestExecutionListener class names from location [META-INF/spring.factories]: [org.springframework.boot.test.mock.mockito.MockitoTestExecutionListener, org.springframework.boot.test.mock.mockito.ResetMocksTestExecutionListener, org.springframework.boot.test.autoconfigure.restdocs.RestDocsTestExecutionListener, org.springframework.boot.test.autoconfigure.web.client.MockRestServiceServerResetTestExecutionListener, org.springframework.boot.test.autoconfigure.web.servlet.MockMvcPrintOnlyOnFailureTestExecutionListener, org.springframework.boot.test.autoconfigure.web.servlet.WebDriverTestExecutionListener, org.springframework.test.context.web.ServletTestExecutionListener, org.springframework.test.context.support.DirtiesContextBeforeModesTestExecutionListener, org.springframework.test.context.support.DependencyInjectionTestExecutionListener, org.springframework.test.context.support.DirtiesContextTestExecutionListener, org.springframework.test.context.transaction.TransactionalTestExecutionListener, org.springframework.test.context.jdbc.SqlScriptsTestExecutionListener]
2020-09-10 21:55:12 [main] INFO  o.s.b.t.a.w.s.WebMvcTestContextBootstrapper -
				Using TestExecutionListeners: [org.springframework.test.context.web.ServletTestExecutionListener@1e66f1f5, org.springframework.test.context.support.DirtiesContextBeforeModesTestExecutionListener@4e50c791, org.springframework.boot.test.mock.mockito.MockitoTestExecutionListener@7530ad9c, org.springframework.boot.test.autoconfigure.SpringBootDependencyInjectionTestExecutionListener@58a9760d, org.springframework.test.context.support.DirtiesContextTestExecutionListener@71e9ddb4, org.springframework.test.context.transaction.TransactionalTestExecutionListener@394df057, org.springframework.test.context.jdbc.SqlScriptsTestExecutionListener@4961f6af, org.springframework.boot.test.mock.mockito.ResetMocksTestExecutionListener@5aebe890, org.springframework.boot.test.autoconfigure.restdocs.RestDocsTestExecutionListener@65d09a04, org.springframework.boot.test.autoconfigure.web.client.MockRestServiceServerResetTestExecutionListener@33c911a1, org.springframework.boot.test.autoconfigure.web.servlet.MockMvcPrintOnlyOnFailureTestExecutionListener@75db5df9, org.springframework.boot.test.autoconfigure.web.servlet.WebDriverTestExecutionListener@707194ba]
2020-09-10 21:55:14 [main] INFO  c.s.k.t.c.CategoryControllerTest -
				Starting CategoryControllerTest on DESKTOP-5KTEPAC with PID 24800 (started by SwetaPoddar in C:\Git_Projects\keepnote-step5-boilerplate-master\CategoryService)
2020-09-10 21:55:14 [main] INFO  c.s.k.t.c.CategoryControllerTest -
				No active profile set, falling back to default profiles: default
2020-09-10 21:55:14 [main] INFO  o.s.w.c.s.GenericWebApplicationContext -
				Refreshing org.springframework.web.context.support.GenericWebApplicationContext@c5dc4a2: startup date [Thu Sep 10 21:55:14 IST 2020]; root of context hierarchy
2020-09-10 21:55:17 [main] INFO  o.s.w.s.h.SimpleUrlHandlerMapping -
				Mapped URL path [/**/favicon.ico] onto handler of type [class org.springframework.web.servlet.resource.ResourceHttpRequestHandler]
2020-09-10 21:55:18 [main] INFO  o.s.w.s.m.m.a.RequestMappingHandlerAdapter -
				Looking for @ControllerAdvice: org.springframework.web.context.support.GenericWebApplicationContext@c5dc4a2: startup date [Thu Sep 10 21:55:14 IST 2020]; root of context hierarchy
2020-09-10 21:55:18 [main] INFO  o.s.w.s.m.m.a.RequestMappingHandlerMapping -
				Mapped "{[/api/v1/category/{id}],methods=[GET]}" onto public org.springframework.http.ResponseEntity<?> com.stackroute.keepnote.controller.CategoryController.getCategoryById(java.lang.String)
2020-09-10 21:55:18 [main] INFO  o.s.w.s.m.m.a.RequestMappingHandlerMapping -
				Mapped "{[/api/v1/category/{id}],methods=[DELETE]}" onto public org.springframework.http.ResponseEntity<?> com.stackroute.keepnote.controller.CategoryController.deleteCategory(java.lang.String)
2020-09-10 21:55:18 [main] INFO  o.s.w.s.m.m.a.RequestMappingHandlerMapping -
				Mapped "{[/api/v1/category/{id}],methods=[PUT]}" onto public org.springframework.http.ResponseEntity<?> com.stackroute.keepnote.controller.CategoryController.updateCategory(java.lang.String,com.stackroute.keepnote.model.Category)
2020-09-10 21:55:18 [main] INFO  o.s.w.s.m.m.a.RequestMappingHandlerMapping -
				Mapped "{[/api/v1/category],methods=[POST]}" onto public org.springframework.http.ResponseEntity<?> com.stackroute.keepnote.controller.CategoryController.saveCategory(com.stackroute.keepnote.model.Category)
2020-09-10 21:55:18 [main] INFO  o.s.w.s.m.m.a.RequestMappingHandlerMapping -
				Mapped "{[/api/v1/category],methods=[GET]}" onto public org.springframework.http.ResponseEntity<?> com.stackroute.keepnote.controller.CategoryController.getCategory(javax.servlet.http.HttpSession)
2020-09-10 21:55:18 [main] INFO  o.s.w.s.m.m.a.RequestMappingHandlerMapping -
				Mapped "{[/error]}" onto public org.springframework.http.ResponseEntity<java.util.Map<java.lang.String, java.lang.Object>> org.springframework.boot.autoconfigure.web.servlet.error.BasicErrorController.error(javax.servlet.http.HttpServletRequest)
2020-09-10 21:55:18 [main] INFO  o.s.w.s.m.m.a.RequestMappingHandlerMapping -
				Mapped "{[/error],produces=[text/html]}" onto public org.springframework.web.servlet.ModelAndView org.springframework.boot.autoconfigure.web.servlet.error.BasicErrorController.errorHtml(javax.servlet.http.HttpServletRequest,javax.servlet.http.HttpServletResponse)
2020-09-10 21:55:18 [main] INFO  o.s.w.s.h.SimpleUrlHandlerMapping -
				Mapped URL path [/webjars/**] onto handler of type [class org.springframework.web.servlet.resource.ResourceHttpRequestHandler]
2020-09-10 21:55:18 [main] INFO  o.s.w.s.h.SimpleUrlHandlerMapping -
				Mapped URL path [/**] onto handler of type [class org.springframework.web.servlet.resource.ResourceHttpRequestHandler]
2020-09-10 21:55:19 [main] INFO  o.s.b.t.m.w.SpringBootMockServletContext -
				Initializing Spring FrameworkServlet ''
2020-09-10 21:55:19 [main] INFO  o.s.t.w.s.TestDispatcherServlet -
				FrameworkServlet '': initialization started
2020-09-10 21:55:19 [main] INFO  o.s.t.w.s.TestDispatcherServlet -
				FrameworkServlet '': initialization completed in 51 ms
2020-09-10 21:55:19 [main] INFO  c.s.k.t.c.CategoryControllerTest -
				Started CategoryControllerTest in 5.695 seconds (JVM running for 8.51)
2020-09-10 21:55:19 [main] INFO  o.s.w.s.m.m.a.RequestMappingHandlerMapping -
				Mapped "{[/api/v1/category/{id}],methods=[GET]}" onto public org.springframework.http.ResponseEntity<?> com.stackroute.keepnote.controller.CategoryController.getCategoryById(java.lang.String)
2020-09-10 21:55:19 [main] INFO  o.s.w.s.m.m.a.RequestMappingHandlerMapping -
				Mapped "{[/api/v1/category/{id}],methods=[DELETE]}" onto public org.springframework.http.ResponseEntity<?> com.stackroute.keepnote.controller.CategoryController.deleteCategory(java.lang.String)
2020-09-10 21:55:19 [main] INFO  o.s.w.s.m.m.a.RequestMappingHandlerMapping -
				Mapped "{[/api/v1/category/{id}],methods=[PUT]}" onto public org.springframework.http.ResponseEntity<?> com.stackroute.keepnote.controller.CategoryController.updateCategory(java.lang.String,com.stackroute.keepnote.model.Category)
2020-09-10 21:55:19 [main] INFO  o.s.w.s.m.m.a.RequestMappingHandlerMapping -
				Mapped "{[/api/v1/category],methods=[POST]}" onto public org.springframework.http.ResponseEntity<?> com.stackroute.keepnote.controller.CategoryController.saveCategory(com.stackroute.keepnote.model.Category)
2020-09-10 21:55:19 [main] INFO  o.s.w.s.m.m.a.RequestMappingHandlerMapping -
				Mapped "{[/api/v1/category],methods=[GET]}" onto public org.springframework.http.ResponseEntity<?> com.stackroute.keepnote.controller.CategoryController.getCategory(javax.servlet.http.HttpSession)
2020-09-10 21:55:19 [main] INFO  o.s.w.s.m.m.a.RequestMappingHandlerAdapter -
				Looking for @ControllerAdvice: org.springframework.test.web.servlet.setup.StubWebApplicationContext@19650aa6
2020-09-10 21:55:19 [main] INFO  o.s.mock.web.MockServletContext -
				Initializing Spring FrameworkServlet ''
2020-09-10 21:55:19 [main] INFO  o.s.t.w.s.TestDispatcherServlet -
				FrameworkServlet '': initialization started
2020-09-10 21:55:19 [main] INFO  o.s.t.w.s.TestDispatcherServlet -
				FrameworkServlet '': initialization completed in 0 ms
2020-09-10 21:55:20 [main] INFO  o.s.w.s.m.m.a.RequestMappingHandlerMapping -
				Mapped "{[/api/v1/category/{id}],methods=[GET]}" onto public org.springframework.http.ResponseEntity<?> com.stackroute.keepnote.controller.CategoryController.getCategoryById(java.lang.String)
2020-09-10 21:55:20 [main] INFO  o.s.w.s.m.m.a.RequestMappingHandlerMapping -
				Mapped "{[/api/v1/category/{id}],methods=[DELETE]}" onto public org.springframework.http.ResponseEntity<?> com.stackroute.keepnote.controller.CategoryController.deleteCategory(java.lang.String)
2020-09-10 21:55:20 [main] INFO  o.s.w.s.m.m.a.RequestMappingHandlerMapping -
				Mapped "{[/api/v1/category/{id}],methods=[PUT]}" onto public org.springframework.http.ResponseEntity<?> com.stackroute.keepnote.controller.CategoryController.updateCategory(java.lang.String,com.stackroute.keepnote.model.Category)
2020-09-10 21:55:20 [main] INFO  o.s.w.s.m.m.a.RequestMappingHandlerMapping -
				Mapped "{[/api/v1/category],methods=[POST]}" onto public org.springframework.http.ResponseEntity<?> com.stackroute.keepnote.controller.CategoryController.saveCategory(com.stackroute.keepnote.model.Category)
2020-09-10 21:55:20 [main] INFO  o.s.w.s.m.m.a.RequestMappingHandlerMapping -
				Mapped "{[/api/v1/category],methods=[GET]}" onto public org.springframework.http.ResponseEntity<?> com.stackroute.keepnote.controller.CategoryController.getCategory(javax.servlet.http.HttpSession)
2020-09-10 21:55:20 [main] INFO  o.s.w.s.m.m.a.RequestMappingHandlerAdapter -
				Looking for @ControllerAdvice: org.springframework.test.web.servlet.setup.StubWebApplicationContext@6403e24c
2020-09-10 21:55:20 [main] INFO  o.s.mock.web.MockServletContext -
				Initializing Spring FrameworkServlet ''
2020-09-10 21:55:20 [main] INFO  o.s.t.w.s.TestDispatcherServlet -
				FrameworkServlet '': initialization started
2020-09-10 21:55:20 [main] INFO  o.s.t.w.s.TestDispatcherServlet -
				FrameworkServlet '': initialization completed in 1 ms
2020-09-10 21:55:20 [main] INFO  o.s.w.s.m.m.a.RequestMappingHandlerMapping -
				Mapped "{[/api/v1/category/{id}],methods=[GET]}" onto public org.springframework.http.ResponseEntity<?> com.stackroute.keepnote.controller.CategoryController.getCategoryById(java.lang.String)
2020-09-10 21:55:20 [main] INFO  o.s.w.s.m.m.a.RequestMappingHandlerMapping -
				Mapped "{[/api/v1/category/{id}],methods=[DELETE]}" onto public org.springframework.http.ResponseEntity<?> com.stackroute.keepnote.controller.CategoryController.deleteCategory(java.lang.String)
2020-09-10 21:55:20 [main] INFO  o.s.w.s.m.m.a.RequestMappingHandlerMapping -
				Mapped "{[/api/v1/category/{id}],methods=[PUT]}" onto public org.springframework.http.ResponseEntity<?> com.stackroute.keepnote.controller.CategoryController.updateCategory(java.lang.String,com.stackroute.keepnote.model.Category)
2020-09-10 21:55:20 [main] INFO  o.s.w.s.m.m.a.RequestMappingHandlerMapping -
				Mapped "{[/api/v1/category],methods=[POST]}" onto public org.springframework.http.ResponseEntity<?> com.stackroute.keepnote.controller.CategoryController.saveCategory(com.stackroute.keepnote.model.Category)
2020-09-10 21:55:20 [main] INFO  o.s.w.s.m.m.a.RequestMappingHandlerMapping -
				Mapped "{[/api/v1/category],methods=[GET]}" onto public org.springframework.http.ResponseEntity<?> com.stackroute.keepnote.controller.CategoryController.getCategory(javax.servlet.http.HttpSession)
2020-09-10 21:55:20 [main] INFO  o.s.w.s.m.m.a.RequestMappingHandlerAdapter -
				Looking for @ControllerAdvice: org.springframework.test.web.servlet.setup.StubWebApplicationContext@42b84286
2020-09-10 21:55:20 [main] INFO  o.s.mock.web.MockServletContext -
				Initializing Spring FrameworkServlet ''
2020-09-10 21:55:20 [main] INFO  o.s.t.w.s.TestDispatcherServlet -
				FrameworkServlet '': initialization started
2020-09-10 21:55:20 [main] INFO  o.s.t.w.s.TestDispatcherServlet -
				FrameworkServlet '': initialization completed in 0 ms
2020-09-10 21:55:20 [main] INFO  o.s.w.s.m.m.a.RequestMappingHandlerMapping -
				Mapped "{[/api/v1/category/{id}],methods=[GET]}" onto public org.springframework.http.ResponseEntity<?> com.stackroute.keepnote.controller.CategoryController.getCategoryById(java.lang.String)
2020-09-10 21:55:20 [main] INFO  o.s.w.s.m.m.a.RequestMappingHandlerMapping -
				Mapped "{[/api/v1/category/{id}],methods=[DELETE]}" onto public org.springframework.http.ResponseEntity<?> com.stackroute.keepnote.controller.CategoryController.deleteCategory(java.lang.String)
2020-09-10 21:55:20 [main] INFO  o.s.w.s.m.m.a.RequestMappingHandlerMapping -
				Mapped "{[/api/v1/category/{id}],methods=[PUT]}" onto public org.springframework.http.ResponseEntity<?> com.stackroute.keepnote.controller.CategoryController.updateCategory(java.lang.String,com.stackroute.keepnote.model.Category)
2020-09-10 21:55:20 [main] INFO  o.s.w.s.m.m.a.RequestMappingHandlerMapping -
				Mapped "{[/api/v1/category],methods=[POST]}" onto public org.springframework.http.ResponseEntity<?> com.stackroute.keepnote.controller.CategoryController.saveCategory(com.stackroute.keepnote.model.Category)
2020-09-10 21:55:20 [main] INFO  o.s.w.s.m.m.a.RequestMappingHandlerMapping -
				Mapped "{[/api/v1/category],methods=[GET]}" onto public org.springframework.http.ResponseEntity<?> com.stackroute.keepnote.controller.CategoryController.getCategory(javax.servlet.http.HttpSession)
2020-09-10 21:55:20 [main] INFO  o.s.w.s.m.m.a.RequestMappingHandlerAdapter -
				Looking for @ControllerAdvice: org.springframework.test.web.servlet.setup.StubWebApplicationContext@698fee9a
2020-09-10 21:55:20 [main] INFO  o.s.mock.web.MockServletContext -
				Initializing Spring FrameworkServlet ''
2020-09-10 21:55:20 [main] INFO  o.s.t.w.s.TestDispatcherServlet -
				FrameworkServlet '': initialization started
2020-09-10 21:55:20 [main] INFO  o.s.t.w.s.TestDispatcherServlet -
				FrameworkServlet '': initialization completed in 0 ms
2020-09-10 21:55:20 [main] INFO  o.s.w.s.m.m.a.RequestMappingHandlerMapping -
				Mapped "{[/api/v1/category/{id}],methods=[GET]}" onto public org.springframework.http.ResponseEntity<?> com.stackroute.keepnote.controller.CategoryController.getCategoryById(java.lang.String)
2020-09-10 21:55:20 [main] INFO  o.s.w.s.m.m.a.RequestMappingHandlerMapping -
				Mapped "{[/api/v1/category/{id}],methods=[DELETE]}" onto public org.springframework.http.ResponseEntity<?> com.stackroute.keepnote.controller.CategoryController.deleteCategory(java.lang.String)
2020-09-10 21:55:20 [main] INFO  o.s.w.s.m.m.a.RequestMappingHandlerMapping -
				Mapped "{[/api/v1/category/{id}],methods=[PUT]}" onto public org.springframework.http.ResponseEntity<?> com.stackroute.keepnote.controller.CategoryController.updateCategory(java.lang.String,com.stackroute.keepnote.model.Category)
2020-09-10 21:55:20 [main] INFO  o.s.w.s.m.m.a.RequestMappingHandlerMapping -
				Mapped "{[/api/v1/category],methods=[POST]}" onto public org.springframework.http.ResponseEntity<?> com.stackroute.keepnote.controller.CategoryController.saveCategory(com.stackroute.keepnote.model.Category)
2020-09-10 21:55:20 [main] INFO  o.s.w.s.m.m.a.RequestMappingHandlerMapping -
				Mapped "{[/api/v1/category],methods=[GET]}" onto public org.springframework.http.ResponseEntity<?> com.stackroute.keepnote.controller.CategoryController.getCategory(javax.servlet.http.HttpSession)
2020-09-10 21:55:20 [main] INFO  o.s.w.s.m.m.a.RequestMappingHandlerAdapter -
				Looking for @ControllerAdvice: org.springframework.test.web.servlet.setup.StubWebApplicationContext@2f897dab
2020-09-10 21:55:20 [main] INFO  o.s.mock.web.MockServletContext -
				Initializing Spring FrameworkServlet ''
2020-09-10 21:55:20 [main] INFO  o.s.t.w.s.TestDispatcherServlet -
				FrameworkServlet '': initialization started
2020-09-10 21:55:20 [main] INFO  o.s.t.w.s.TestDispatcherServlet -
				FrameworkServlet '': initialization completed in 1 ms
2020-09-10 21:55:20 [main] INFO  o.s.w.s.m.m.a.RequestMappingHandlerMapping -
				Mapped "{[/api/v1/category/{id}],methods=[GET]}" onto public org.springframework.http.ResponseEntity<?> com.stackroute.keepnote.controller.CategoryController.getCategoryById(java.lang.String)
2020-09-10 21:55:20 [main] INFO  o.s.w.s.m.m.a.RequestMappingHandlerMapping -
				Mapped "{[/api/v1/category/{id}],methods=[DELETE]}" onto public org.springframework.http.ResponseEntity<?> com.stackroute.keepnote.controller.CategoryController.deleteCategory(java.lang.String)
2020-09-10 21:55:20 [main] INFO  o.s.w.s.m.m.a.RequestMappingHandlerMapping -
				Mapped "{[/api/v1/category/{id}],methods=[PUT]}" onto public org.springframework.http.ResponseEntity<?> com.stackroute.keepnote.controller.CategoryController.updateCategory(java.lang.String,com.stackroute.keepnote.model.Category)
2020-09-10 21:55:20 [main] INFO  o.s.w.s.m.m.a.RequestMappingHandlerMapping -
				Mapped "{[/api/v1/category],methods=[POST]}" onto public org.springframework.http.ResponseEntity<?> com.stackroute.keepnote.controller.CategoryController.saveCategory(com.stackroute.keepnote.model.Category)
2020-09-10 21:55:20 [main] INFO  o.s.w.s.m.m.a.RequestMappingHandlerMapping -
				Mapped "{[/api/v1/category],methods=[GET]}" onto public org.springframework.http.ResponseEntity<?> com.stackroute.keepnote.controller.CategoryController.getCategory(javax.servlet.http.HttpSession)
2020-09-10 21:55:20 [main] INFO  o.s.w.s.m.m.a.RequestMappingHandlerAdapter -
				Looking for @ControllerAdvice: org.springframework.test.web.servlet.setup.StubWebApplicationContext@68b9834c
2020-09-10 21:55:20 [main] INFO  o.s.mock.web.MockServletContext -
				Initializing Spring FrameworkServlet ''
2020-09-10 21:55:20 [main] INFO  o.s.t.w.s.TestDispatcherServlet -
				FrameworkServlet '': initialization started
2020-09-10 21:55:20 [main] INFO  o.s.t.w.s.TestDispatcherServlet -
				FrameworkServlet '': initialization completed in 0 ms
2020-09-10 21:55:20 [main] INFO  o.s.w.s.m.m.a.RequestMappingHandlerMapping -
				Mapped "{[/api/v1/category/{id}],methods=[GET]}" onto public org.springframework.http.ResponseEntity<?> com.stackroute.keepnote.controller.CategoryController.getCategoryById(java.lang.String)
2020-09-10 21:55:20 [main] INFO  o.s.w.s.m.m.a.RequestMappingHandlerMapping -
				Mapped "{[/api/v1/category/{id}],methods=[DELETE]}" onto public org.springframework.http.ResponseEntity<?> com.stackroute.keepnote.controller.CategoryController.deleteCategory(java.lang.String)
2020-09-10 21:55:20 [main] INFO  o.s.w.s.m.m.a.RequestMappingHandlerMapping -
				Mapped "{[/api/v1/category/{id}],methods=[PUT]}" onto public org.springframework.http.ResponseEntity<?> com.stackroute.keepnote.controller.CategoryController.updateCategory(java.lang.String,com.stackroute.keepnote.model.Category)
2020-09-10 21:55:20 [main] INFO  o.s.w.s.m.m.a.RequestMappingHandlerMapping -
				Mapped "{[/api/v1/category],methods=[POST]}" onto public org.springframework.http.ResponseEntity<?> com.stackroute.keepnote.controller.CategoryController.saveCategory(com.stackroute.keepnote.model.Category)
2020-09-10 21:55:20 [main] INFO  o.s.w.s.m.m.a.RequestMappingHandlerMapping -
				Mapped "{[/api/v1/category],methods=[GET]}" onto public org.springframework.http.ResponseEntity<?> com.stackroute.keepnote.controller.CategoryController.getCategory(javax.servlet.http.HttpSession)
2020-09-10 21:55:21 [main] INFO  o.s.w.s.m.m.a.RequestMappingHandlerAdapter -
				Looking for @ControllerAdvice: org.springframework.test.web.servlet.setup.StubWebApplicationContext@7b306b9f
2020-09-10 21:55:21 [main] INFO  o.s.mock.web.MockServletContext -
				Initializing Spring FrameworkServlet ''
2020-09-10 21:55:21 [main] INFO  o.s.t.w.s.TestDispatcherServlet -
				FrameworkServlet '': initialization started
2020-09-10 21:55:21 [main] INFO  o.s.t.w.s.TestDispatcherServlet -
				FrameworkServlet '': initialization completed in 0 ms
2020-09-10 21:55:21 [main] INFO  o.s.w.s.m.m.a.RequestMappingHandlerMapping -
				Mapped "{[/api/v1/category/{id}],methods=[GET]}" onto public org.springframework.http.ResponseEntity<?> com.stackroute.keepnote.controller.CategoryController.getCategoryById(java.lang.String)
2020-09-10 21:55:21 [main] INFO  o.s.w.s.m.m.a.RequestMappingHandlerMapping -
				Mapped "{[/api/v1/category/{id}],methods=[DELETE]}" onto public org.springframework.http.ResponseEntity<?> com.stackroute.keepnote.controller.CategoryController.deleteCategory(java.lang.String)
2020-09-10 21:55:21 [main] INFO  o.s.w.s.m.m.a.RequestMappingHandlerMapping -
				Mapped "{[/api/v1/category/{id}],methods=[PUT]}" onto public org.springframework.http.ResponseEntity<?> com.stackroute.keepnote.controller.CategoryController.updateCategory(java.lang.String,com.stackroute.keepnote.model.Category)
2020-09-10 21:55:21 [main] INFO  o.s.w.s.m.m.a.RequestMappingHandlerMapping -
				Mapped "{[/api/v1/category],methods=[POST]}" onto public org.springframework.http.ResponseEntity<?> com.stackroute.keepnote.controller.CategoryController.saveCategory(com.stackroute.keepnote.model.Category)
2020-09-10 21:55:21 [main] INFO  o.s.w.s.m.m.a.RequestMappingHandlerMapping -
				Mapped "{[/api/v1/category],methods=[GET]}" onto public org.springframework.http.ResponseEntity<?> com.stackroute.keepnote.controller.CategoryController.getCategory(javax.servlet.http.HttpSession)
2020-09-10 21:55:21 [main] INFO  o.s.w.s.m.m.a.RequestMappingHandlerAdapter -
				Looking for @ControllerAdvice: org.springframework.test.web.servlet.setup.StubWebApplicationContext@4f9a6c2d
2020-09-10 21:55:21 [main] INFO  o.s.mock.web.MockServletContext -
				Initializing Spring FrameworkServlet ''
2020-09-10 21:55:21 [main] INFO  o.s.t.w.s.TestDispatcherServlet -
				FrameworkServlet '': initialization started
2020-09-10 21:55:21 [main] INFO  o.s.t.w.s.TestDispatcherServlet -
				FrameworkServlet '': initialization completed in 0 ms
2020-09-10 21:55:21 [main] INFO  o.s.b.t.c.SpringBootTestContextBootstrapper -
				Neither @ContextConfiguration nor @ContextHierarchy found for test class [com.stackroute.keepnote.test.log.LoggerTest], using SpringBootContextLoader
2020-09-10 21:55:21 [main] INFO  o.s.t.c.s.AbstractContextLoader -
				Could not detect default resource locations for test class [com.stackroute.keepnote.test.log.LoggerTest]: no resource found for suffixes {-context.xml, Context.groovy}.
2020-09-10 21:55:21 [main] INFO  o.s.t.c.s.AnnotationConfigContextLoaderUtils -
				Could not detect default configuration classes for test class [com.stackroute.keepnote.test.log.LoggerTest]: LoggerTest does not declare any static, non-private, non-final, nested classes annotated with @Configuration.
2020-09-10 21:55:21 [main] INFO  o.s.b.t.c.SpringBootTestContextBootstrapper -
				Found @SpringBootConfiguration com.stackroute.keepnote.CategoryServiceApplication for test class com.stackroute.keepnote.test.log.LoggerTest
2020-09-10 21:55:21 [main] INFO  o.s.b.t.c.SpringBootTestContextBootstrapper -
				Loaded default TestExecutionListener class names from location [META-INF/spring.factories]: [org.springframework.boot.test.mock.mockito.MockitoTestExecutionListener, org.springframework.boot.test.mock.mockito.ResetMocksTestExecutionListener, org.springframework.boot.test.autoconfigure.restdocs.RestDocsTestExecutionListener, org.springframework.boot.test.autoconfigure.web.client.MockRestServiceServerResetTestExecutionListener, org.springframework.boot.test.autoconfigure.web.servlet.MockMvcPrintOnlyOnFailureTestExecutionListener, org.springframework.boot.test.autoconfigure.web.servlet.WebDriverTestExecutionListener, org.springframework.test.context.web.ServletTestExecutionListener, org.springframework.test.context.support.DirtiesContextBeforeModesTestExecutionListener, org.springframework.test.context.support.DependencyInjectionTestExecutionListener, org.springframework.test.context.support.DirtiesContextTestExecutionListener, org.springframework.test.context.transaction.TransactionalTestExecutionListener, org.springframework.test.context.jdbc.SqlScriptsTestExecutionListener]
2020-09-10 21:55:21 [main] INFO  o.s.b.t.c.SpringBootTestContextBootstrapper -
				Using TestExecutionListeners: [org.springframework.test.context.web.ServletTestExecutionListener@7afc4db9, org.springframework.test.context.support.DirtiesContextBeforeModesTestExecutionListener@1a1f5f71, org.springframework.boot.test.mock.mockito.MockitoTestExecutionListener@63884e4, org.springframework.boot.test.autoconfigure.SpringBootDependencyInjectionTestExecutionListener@524270b8, org.springframework.test.context.support.DirtiesContextTestExecutionListener@4acb7ecc, org.springframework.test.context.transaction.TransactionalTestExecutionListener@2a4f5433, org.springframework.test.context.jdbc.SqlScriptsTestExecutionListener@6812fa3a, org.springframework.boot.test.mock.mockito.ResetMocksTestExecutionListener@29149030, org.springframework.boot.test.autoconfigure.restdocs.RestDocsTestExecutionListener@38b8b6c0, org.springframework.boot.test.autoconfigure.web.client.MockRestServiceServerResetTestExecutionListener@68868328, org.springframework.boot.test.autoconfigure.web.servlet.MockMvcPrintOnlyOnFailureTestExecutionListener@173a6728, org.springframework.boot.test.autoconfigure.web.servlet.WebDriverTestExecutionListener@1a22e0ef]
2020-09-10 21:55:21 [main] INFO  c.s.keepnote.test.log.LoggerTest -
				Starting LoggerTest on DESKTOP-5KTEPAC with PID 24800 (started by SwetaPoddar in C:\Git_Projects\keepnote-step5-boilerplate-master\CategoryService)
2020-09-10 21:55:21 [main] INFO  c.s.keepnote.test.log.LoggerTest -
				No active profile set, falling back to default profiles: default
2020-09-10 21:55:21 [main] INFO  o.s.w.c.s.GenericWebApplicationContext -
				Refreshing org.springframework.web.context.support.GenericWebApplicationContext@3dd31157: startup date [Thu Sep 10 21:55:21 IST 2020]; root of context hierarchy
2020-09-10 21:55:28 [Thread-5] INFO  o.s.b.a.mongo.embedded.EmbeddedMongo -
				note: noprealloc may hurt performance in many applications
2020-09-10 21:55:28 [Thread-5] INFO  o.s.b.a.mongo.embedded.EmbeddedMongo -
				2020-09-10T21:55:28.368+0530 I CONTROL  [initandlisten] MongoDB starting : pid=25492 port=52850 dbpath=C:\Users\SWETAP~1\AppData\Local\Temp\embedmongo-db-9d7d1903-ebec-44f9-a1fd-2873afbe5a3d 64-bit host=DESKTOP-5KTEPAC
2020-09-10 21:55:28 [Thread-5] INFO  o.s.b.a.mongo.embedded.EmbeddedMongo -
				2020-09-10T21:55:28.369+0530 I CONTROL  [initandlisten] targetMinOS: Windows Vista/Windows Server 2008
2020-09-10 21:55:28 [Thread-5] INFO  o.s.b.a.mongo.embedded.EmbeddedMongo -
				2020-09-10T21:55:28.369+0530 I CONTROL  [initandlisten] db version v3.2.2
2020-09-10 21:55:28 [Thread-5] INFO  o.s.b.a.mongo.embedded.EmbeddedMongo -
				2020-09-10T21:55:28.369+0530 I CONTROL  [initandlisten] git version: 6e71d0d568e134c029203593b00a0103e7cdf30b
2020-09-10 21:55:28 [Thread-5] INFO  o.s.b.a.mongo.embedded.EmbeddedMongo -
				2020-09-10T21:55:28.369+0530 I CONTROL  [initandlisten] allocator: tcmalloc
2020-09-10 21:55:28 [Thread-5] INFO  o.s.b.a.mongo.embedded.EmbeddedMongo -
				2020-09-10T21:55:28.369+0530 I CONTROL  [initandlisten] modules: none
2020-09-10 21:55:28 [Thread-5] INFO  o.s.b.a.mongo.embedded.EmbeddedMongo -
				2020-09-10T21:55:28.369+0530 I CONTROL  [initandlisten] build environment:
2020-09-10 21:55:28 [Thread-5] INFO  o.s.b.a.mongo.embedded.EmbeddedMongo -
				2020-09-10T21:55:28.369+0530 I CONTROL  [initandlisten]     distarch: x86_64
2020-09-10 21:55:28 [Thread-5] INFO  o.s.b.a.mongo.embedded.EmbeddedMongo -
				2020-09-10T21:55:28.369+0530 I CONTROL  [initandlisten]     target_arch: x86_64
2020-09-10 21:55:28 [Thread-5] INFO  o.s.b.a.mongo.embedded.EmbeddedMongo -
				2020-09-10T21:55:28.369+0530 I CONTROL  [initandlisten] options: { net: { bindIp: "127.0.0.1", http: { enabled: false }, port: 52850 }, security: { authorization: "disabled" }, storage: { dbPath: "C:\Users\SWETAP~1\AppData\Local\Temp\embedmongo-db-9d7d1903-ebec-44f9-a1fd-2873afbe5a3d", journal: { enabled: false }, mmapv1: { preallocDataFiles: false, smallFiles: true }, syncPeriodSecs: 0.0 } }
2020-09-10 21:55:28 [Thread-5] INFO  o.s.b.a.mongo.embedded.EmbeddedMongo -
				2020-09-10T21:55:28.371+0530 I STORAGE  [initandlisten] wiredtiger_open config: create,cache_size=4G,session_max=20000,eviction=(threads_max=4),config_base=false,statistics=(fast),log=(enabled=true,archive=true,path=journal,compressor=snappy),file_manager=(close_idle_time=100000),checkpoint=(wait=0,log_size=2GB),statistics_log=(wait=0),,log=(enabled=false),
2020-09-10 21:55:28 [Thread-5] INFO  o.s.b.a.mongo.embedded.EmbeddedMongo -
				2020-09-10T21:55:28.601+0530 W STORAGE  [initandlisten] Detected configuration for non-active storage engine mmapv1 when current storage engine is wiredTiger
2020-09-10 21:55:28 [Thread-5] INFO  o.s.b.a.mongo.embedded.EmbeddedMongo -
				2020-09-10T21:55:28.613+0530 I FTDC     [initandlisten] Initializing full-time diagnostic data capture with directory 'C:/Users/SWETAP~1/AppData/Local/Temp/embedmongo-db-9d7d1903-ebec-44f9-a1fd-2873afbe5a3d/diagnostic.data'
2020-09-10 21:55:28 [Thread-5] INFO  o.s.b.a.mongo.embedded.EmbeddedMongo -
				2020-09-10T21:55:28.613+0530 I NETWORK  [HostnameCanonicalizationWorker] Starting hostname canonicalization worker
2020-09-10 21:55:28 [Thread-5] INFO  o.s.b.a.mongo.embedded.EmbeddedMongo -
				2020-09-10T21:55:28.709+0530 I NETWORK  [initandlisten] waiting for connections on port 52850
2020-09-10 21:55:28 [main] INFO  d.f.embed.process.runtime.Executable -
				start de.flapdoodle.embed.mongo.config.MongodConfigBuilder$ImmutableMongodConfig@43c7fe8a
2020-09-10 21:55:32 [main] INFO  org.mongodb.driver.cluster -
				Cluster created with settings {hosts=[localhost:52850], mode=MULTIPLE, requiredClusterType=UNKNOWN, serverSelectionTimeout='30000 ms', maxWaitQueueSize=500}
2020-09-10 21:55:32 [main] INFO  org.mongodb.driver.cluster -
				Adding discovered server localhost:52850 to client view of cluster
2020-09-10 21:55:32 [Thread-5] INFO  o.s.b.a.mongo.embedded.EmbeddedMongo -
				2020-09-10T21:55:32.171+0530 I NETWORK  [initandlisten] connection accepted from 127.0.0.1:52856 #1 (1 connection now open)
2020-09-10 21:55:32 [cluster-ClusterId{value='5f5a537ce1dba060e0cc23d6', description='null'}-localhost:52850] INFO  org.mongodb.driver.connection -
				Opened connection [connectionId{localValue:1, serverValue:1}] to localhost:52850
2020-09-10 21:55:32 [cluster-ClusterId{value='5f5a537ce1dba060e0cc23d6', description='null'}-localhost:52850] INFO  org.mongodb.driver.cluster -
				Monitor thread successfully connected to server with description ServerDescription{address=localhost:52850, type=STANDALONE, state=CONNECTED, ok=true, version=ServerVersion{versionList=[3, 2, 2]}, minWireVersion=0, maxWireVersion=4, maxDocumentSize=16777216, logicalSessionTimeoutMinutes=null, roundTripTimeNanos=2874500}
2020-09-10 21:55:32 [cluster-ClusterId{value='5f5a537ce1dba060e0cc23d6', description='null'}-localhost:52850] INFO  org.mongodb.driver.cluster -
				Discovered cluster type of STANDALONE
2020-09-10 21:55:32 [main] WARN  o.s.d.m.c.m.BasicMongoPersistentProperty -
				Customizing field name for id property not allowed! Custom name will not be considered!
2020-09-10 21:55:34 [main] INFO  o.s.w.s.m.m.a.RequestMappingHandlerMapping -
				Mapped "{[/api/v1/category/{id}],methods=[GET]}" onto public org.springframework.http.ResponseEntity<?> com.stackroute.keepnote.controller.CategoryController.getCategoryById(java.lang.String)
2020-09-10 21:55:34 [main] INFO  o.s.w.s.m.m.a.RequestMappingHandlerMapping -
				Mapped "{[/api/v1/category/{id}],methods=[DELETE]}" onto public org.springframework.http.ResponseEntity<?> com.stackroute.keepnote.controller.CategoryController.deleteCategory(java.lang.String)
2020-09-10 21:55:34 [main] INFO  o.s.w.s.m.m.a.RequestMappingHandlerMapping -
				Mapped "{[/api/v1/category/{id}],methods=[PUT]}" onto public org.springframework.http.ResponseEntity<?> com.stackroute.keepnote.controller.CategoryController.updateCategory(java.lang.String,com.stackroute.keepnote.model.Category)
2020-09-10 21:55:34 [main] INFO  o.s.w.s.m.m.a.RequestMappingHandlerMapping -
				Mapped "{[/api/v1/category],methods=[POST]}" onto public org.springframework.http.ResponseEntity<?> com.stackroute.keepnote.controller.CategoryController.saveCategory(com.stackroute.keepnote.model.Category)
2020-09-10 21:55:34 [main] INFO  o.s.w.s.m.m.a.RequestMappingHandlerMapping -
				Mapped "{[/api/v1/category],methods=[GET]}" onto public org.springframework.http.ResponseEntity<?> com.stackroute.keepnote.controller.CategoryController.getCategory(javax.servlet.http.HttpSession)
2020-09-10 21:55:34 [main] INFO  o.s.w.s.m.m.a.RequestMappingHandlerMapping -
				Mapped "{[/swagger-resources/configuration/security]}" onto public org.springframework.http.ResponseEntity<springfox.documentation.swagger.web.SecurityConfiguration> springfox.documentation.swagger.web.ApiResourceController.securityConfiguration()
2020-09-10 21:55:34 [main] INFO  o.s.w.s.m.m.a.RequestMappingHandlerMapping -
				Mapped "{[/swagger-resources]}" onto public org.springframework.http.ResponseEntity<java.util.List<springfox.documentation.swagger.web.SwaggerResource>> springfox.documentation.swagger.web.ApiResourceController.swaggerResources()
2020-09-10 21:55:34 [main] INFO  o.s.w.s.m.m.a.RequestMappingHandlerMapping -
				Mapped "{[/swagger-resources/configuration/ui]}" onto public org.springframework.http.ResponseEntity<springfox.documentation.swagger.web.UiConfiguration> springfox.documentation.swagger.web.ApiResourceController.uiConfiguration()
2020-09-10 21:55:34 [main] INFO  o.s.w.s.m.m.a.RequestMappingHandlerMapping -
				Mapped "{[/error]}" onto public org.springframework.http.ResponseEntity<java.util.Map<java.lang.String, java.lang.Object>> org.springframework.boot.autoconfigure.web.servlet.error.BasicErrorController.error(javax.servlet.http.HttpServletRequest)
2020-09-10 21:55:34 [main] INFO  o.s.w.s.m.m.a.RequestMappingHandlerMapping -
				Mapped "{[/error],produces=[text/html]}" onto public org.springframework.web.servlet.ModelAndView org.springframework.boot.autoconfigure.web.servlet.error.BasicErrorController.errorHtml(javax.servlet.http.HttpServletRequest,javax.servlet.http.HttpServletResponse)
2020-09-10 21:55:34 [main] INFO  s.d.s.w.PropertySourcedRequestMappingHandlerMapping -
				Mapped URL path [/v2/api-docs] onto method [public org.springframework.http.ResponseEntity<springfox.documentation.spring.web.json.Json> springfox.documentation.swagger2.web.Swagger2Controller.getDocumentation(java.lang.String,javax.servlet.http.HttpServletRequest)]
2020-09-10 21:55:35 [main] INFO  o.s.w.s.h.SimpleUrlHandlerMapping -
				Mapped URL path [/**/favicon.ico] onto handler of type [class org.springframework.web.servlet.resource.ResourceHttpRequestHandler]
2020-09-10 21:55:35 [main] INFO  o.s.w.s.m.m.a.RequestMappingHandlerAdapter -
				Looking for @ControllerAdvice: org.springframework.web.context.support.GenericWebApplicationContext@3dd31157: startup date [Thu Sep 10 21:55:21 IST 2020]; root of context hierarchy
2020-09-10 21:55:35 [main] INFO  o.s.w.s.h.SimpleUrlHandlerMapping -
				Mapped URL path [/webjars/**] onto handler of type [class org.springframework.web.servlet.resource.ResourceHttpRequestHandler]
2020-09-10 21:55:35 [main] INFO  o.s.w.s.h.SimpleUrlHandlerMapping -
				Mapped URL path [/**] onto handler of type [class org.springframework.web.servlet.resource.ResourceHttpRequestHandler]
2020-09-10 21:55:36 [main] INFO  o.s.c.s.DefaultLifecycleProcessor -
				Starting beans in phase 2147483647
2020-09-10 21:55:36 [main] INFO  s.d.s.w.p.DocumentationPluginsBootstrapper -
				Context refreshed
2020-09-10 21:55:36 [main] INFO  s.d.s.w.p.DocumentationPluginsBootstrapper -
				Found 1 custom documentation plugin(s)
2020-09-10 21:55:36 [main] INFO  s.d.s.w.s.ApiListingReferenceScanner -
				Scanning for api listing references
2020-09-10 21:55:36 [main] INFO  c.s.keepnote.test.log.LoggerTest -
				Started LoggerTest in 15.543 seconds (JVM running for 25.839)
2020-09-10 21:55:36 [main] INFO  o.s.b.t.c.SpringBootTestContextBootstrapper -
				Neither @ContextConfiguration nor @ContextHierarchy found for test class [com.stackroute.keepnote.test.repository.CategoryRepositoryTest], using SpringBootContextLoader
2020-09-10 21:55:36 [main] INFO  o.s.t.c.s.AbstractContextLoader -
				Could not detect default resource locations for test class [com.stackroute.keepnote.test.repository.CategoryRepositoryTest]: no resource found for suffixes {-context.xml, Context.groovy}.
2020-09-10 21:55:36 [main] INFO  o.s.t.c.s.AnnotationConfigContextLoaderUtils -
				Could not detect default configuration classes for test class [com.stackroute.keepnote.test.repository.CategoryRepositoryTest]: CategoryRepositoryTest does not declare any static, non-private, non-final, nested classes annotated with @Configuration.
2020-09-10 21:55:36 [main] INFO  o.s.b.t.c.SpringBootTestContextBootstrapper -
				Found @SpringBootConfiguration com.stackroute.keepnote.CategoryServiceApplication for test class com.stackroute.keepnote.test.repository.CategoryRepositoryTest
2020-09-10 21:55:36 [main] INFO  o.s.b.t.c.SpringBootTestContextBootstrapper -
				Loaded default TestExecutionListener class names from location [META-INF/spring.factories]: [org.springframework.boot.test.mock.mockito.MockitoTestExecutionListener, org.springframework.boot.test.mock.mockito.ResetMocksTestExecutionListener, org.springframework.boot.test.autoconfigure.restdocs.RestDocsTestExecutionListener, org.springframework.boot.test.autoconfigure.web.client.MockRestServiceServerResetTestExecutionListener, org.springframework.boot.test.autoconfigure.web.servlet.MockMvcPrintOnlyOnFailureTestExecutionListener, org.springframework.boot.test.autoconfigure.web.servlet.WebDriverTestExecutionListener, org.springframework.test.context.web.ServletTestExecutionListener, org.springframework.test.context.support.DirtiesContextBeforeModesTestExecutionListener, org.springframework.test.context.support.DependencyInjectionTestExecutionListener, org.springframework.test.context.support.DirtiesContextTestExecutionListener, org.springframework.test.context.transaction.TransactionalTestExecutionListener, org.springframework.test.context.jdbc.SqlScriptsTestExecutionListener]
2020-09-10 21:55:36 [main] INFO  o.s.b.t.c.SpringBootTestContextBootstrapper -
				Using TestExecutionListeners: [org.springframework.test.context.web.ServletTestExecutionListener@15914bb5, org.springframework.test.context.support.DirtiesContextBeforeModesTestExecutionListener@7b332b23, org.springframework.boot.test.mock.mockito.MockitoTestExecutionListener@66a472b9, org.springframework.boot.test.autoconfigure.SpringBootDependencyInjectionTestExecutionListener@428eb3d5, org.springframework.test.context.support.DirtiesContextTestExecutionListener@5ddd84d2, org.springframework.test.context.transaction.TransactionalTestExecutionListener@3fd5d679, org.springframework.test.context.jdbc.SqlScriptsTestExecutionListener@7aa15a80, org.springframework.boot.test.mock.mockito.ResetMocksTestExecutionListener@4d065e1a, org.springframework.boot.test.autoconfigure.restdocs.RestDocsTestExecutionListener@7c4ca87c, org.springframework.boot.test.autoconfigure.web.client.MockRestServiceServerResetTestExecutionListener@6dbbdf92, org.springframework.boot.test.autoconfigure.web.servlet.MockMvcPrintOnlyOnFailureTestExecutionListener@1dbeedff, org.springframework.boot.test.autoconfigure.web.servlet.WebDriverTestExecutionListener@62b786dc]
2020-09-10 21:55:37 [main] INFO  c.s.k.t.r.CategoryRepositoryTest -
				Starting CategoryRepositoryTest on DESKTOP-5KTEPAC with PID 24800 (started by SwetaPoddar in C:\Git_Projects\keepnote-step5-boilerplate-master\CategoryService)
2020-09-10 21:55:37 [main] INFO  c.s.k.t.r.CategoryRepositoryTest -
				No active profile set, falling back to default profiles: default
2020-09-10 21:55:37 [main] INFO  o.s.c.a.AnnotationConfigApplicationContext -
				Refreshing org.springframework.context.annotation.AnnotationConfigApplicationContext@495da9a7: startup date [Thu Sep 10 21:55:37 IST 2020]; root of context hierarchy
2020-09-10 21:55:38 [Thread-10] INFO  o.s.b.a.mongo.embedded.EmbeddedMongo -
				note: noprealloc may hurt performance in many applications
2020-09-10 21:55:38 [Thread-10] INFO  o.s.b.a.mongo.embedded.EmbeddedMongo -
				2020-09-10T21:55:38.200+0530 I CONTROL  [initandlisten] MongoDB starting : pid=26712 port=52869 dbpath=C:\Users\SWETAP~1\AppData\Local\Temp\embedmongo-db-1795cad5-9664-4207-bbc9-d72dc4e797de 64-bit host=DESKTOP-5KTEPAC
2020-09-10 21:55:38 [Thread-10] INFO  o.s.b.a.mongo.embedded.EmbeddedMongo -
				2020-09-10T21:55:38.212+0530 I CONTROL  [initandlisten] targetMinOS: Windows Vista/Windows Server 2008
2020-09-10 21:55:38 [Thread-10] INFO  o.s.b.a.mongo.embedded.EmbeddedMongo -
				2020-09-10T21:55:38.213+0530 I CONTROL  [initandlisten] db version v3.2.2
2020-09-10 21:55:38 [Thread-10] INFO  o.s.b.a.mongo.embedded.EmbeddedMongo -
				2020-09-10T21:55:38.213+0530 I CONTROL  [initandlisten] git version: 6e71d0d568e134c029203593b00a0103e7cdf30b
2020-09-10 21:55:38 [Thread-10] INFO  o.s.b.a.mongo.embedded.EmbeddedMongo -
				2020-09-10T21:55:38.215+0530 I CONTROL  [initandlisten] allocator: tcmalloc
2020-09-10 21:55:38 [Thread-10] INFO  o.s.b.a.mongo.embedded.EmbeddedMongo -
				2020-09-10T21:55:38.216+0530 I CONTROL  [initandlisten] modules: none
2020-09-10 21:55:38 [Thread-10] INFO  o.s.b.a.mongo.embedded.EmbeddedMongo -
				2020-09-10T21:55:38.216+0530 I CONTROL  [initandlisten] build environment:
2020-09-10 21:55:38 [Thread-10] INFO  o.s.b.a.mongo.embedded.EmbeddedMongo -
				2020-09-10T21:55:38.216+0530 I CONTROL  [initandlisten]     distarch: x86_64
2020-09-10 21:55:38 [Thread-10] INFO  o.s.b.a.mongo.embedded.EmbeddedMongo -
				2020-09-10T21:55:38.216+0530 I CONTROL  [initandlisten]     target_arch: x86_64
2020-09-10 21:55:38 [Thread-10] INFO  o.s.b.a.mongo.embedded.EmbeddedMongo -
				2020-09-10T21:55:38.216+0530 I CONTROL  [initandlisten] options: { net: { bindIp: "127.0.0.1", http: { enabled: false }, port: 52869 }, security: { authorization: "disabled" }, storage: { dbPath: "C:\Users\SWETAP~1\AppData\Local\Temp\embedmongo-db-1795cad5-9664-4207-bbc9-d72dc4e797de", journal: { enabled: false }, mmapv1: { preallocDataFiles: false, smallFiles: true }, syncPeriodSecs: 0.0 } }
2020-09-10 21:55:38 [Thread-10] INFO  o.s.b.a.mongo.embedded.EmbeddedMongo -
				2020-09-10T21:55:38.223+0530 I STORAGE  [initandlisten] wiredtiger_open config: create,cache_size=4G,session_max=20000,eviction=(threads_max=4),config_base=false,statistics=(fast),log=(enabled=true,archive=true,path=journal,compressor=snappy),file_manager=(close_idle_time=100000),checkpoint=(wait=0,log_size=2GB),statistics_log=(wait=0),,log=(enabled=false),
2020-09-10 21:55:38 [Thread-10] INFO  o.s.b.a.mongo.embedded.EmbeddedMongo -
				2020-09-10T21:55:38.586+0530 W STORAGE  [initandlisten] Detected configuration for non-active storage engine mmapv1 when current storage engine is wiredTiger
2020-09-10 21:55:38 [Thread-10] INFO  o.s.b.a.mongo.embedded.EmbeddedMongo -
				2020-09-10T21:55:38.595+0530 I NETWORK  [HostnameCanonicalizationWorker] Starting hostname canonicalization worker
2020-09-10 21:55:38 [Thread-10] INFO  o.s.b.a.mongo.embedded.EmbeddedMongo -
				2020-09-10T21:55:38.596+0530 I FTDC     [initandlisten] Initializing full-time diagnostic data capture with directory 'C:/Users/SWETAP~1/AppData/Local/Temp/embedmongo-db-1795cad5-9664-4207-bbc9-d72dc4e797de/diagnostic.data'
2020-09-10 21:55:38 [Thread-10] INFO  o.s.b.a.mongo.embedded.EmbeddedMongo -
				2020-09-10T21:55:38.746+0530 I NETWORK  [initandlisten] waiting for connections on port 52869
2020-09-10 21:55:38 [main] INFO  d.f.embed.process.runtime.Executable -
				start de.flapdoodle.embed.mongo.config.MongodConfigBuilder$ImmutableMongodConfig@714c74eb
2020-09-10 21:55:38 [main] INFO  org.mongodb.driver.cluster -
				Cluster created with settings {hosts=[localhost:52869], mode=MULTIPLE, requiredClusterType=UNKNOWN, serverSelectionTimeout='30000 ms', maxWaitQueueSize=500}
2020-09-10 21:55:38 [main] INFO  org.mongodb.driver.cluster -
				Adding discovered server localhost:52869 to client view of cluster
2020-09-10 21:55:38 [Thread-10] INFO  o.s.b.a.mongo.embedded.EmbeddedMongo -
				2020-09-10T21:55:38.780+0530 I NETWORK  [initandlisten] connection accepted from 127.0.0.1:52877 #1 (1 connection now open)
2020-09-10 21:55:38 [cluster-ClusterId{value='5f5a5382e1dba060e0cc23d7', description='null'}-localhost:52869] INFO  org.mongodb.driver.connection -
				Opened connection [connectionId{localValue:2, serverValue:1}] to localhost:52869
2020-09-10 21:55:38 [cluster-ClusterId{value='5f5a5382e1dba060e0cc23d7', description='null'}-localhost:52869] INFO  org.mongodb.driver.cluster -
				Monitor thread successfully connected to server with description ServerDescription{address=localhost:52869, type=STANDALONE, state=CONNECTED, ok=true, version=ServerVersion{versionList=[3, 2, 2]}, minWireVersion=0, maxWireVersion=4, maxDocumentSize=16777216, logicalSessionTimeoutMinutes=null, roundTripTimeNanos=1991700}
2020-09-10 21:55:38 [cluster-ClusterId{value='5f5a5382e1dba060e0cc23d7', description='null'}-localhost:52869] INFO  org.mongodb.driver.cluster -
				Discovered cluster type of STANDALONE
2020-09-10 21:55:38 [main] WARN  o.s.d.m.c.m.BasicMongoPersistentProperty -
				Customizing field name for id property not allowed! Custom name will not be considered!
2020-09-10 21:55:39 [main] INFO  c.s.k.t.r.CategoryRepositoryTest -
				Started CategoryRepositoryTest in 2.25 seconds (JVM running for 28.244)
2020-09-10 21:55:39 [Thread-10] INFO  o.s.b.a.mongo.embedded.EmbeddedMongo -
				2020-09-10T21:55:39.407+0530 I NETWORK  [initandlisten] connection accepted from 127.0.0.1:52878 #2 (2 connections now open)
2020-09-10 21:55:39 [main] INFO  org.mongodb.driver.connection -
				Opened connection [connectionId{localValue:3, serverValue:2}] to localhost:52869
2020-09-10 21:55:40 [Thread-2] INFO  o.s.w.c.s.GenericWebApplicationContext -
				Closing org.springframework.web.context.support.GenericWebApplicationContext@c5dc4a2: startup date [Thu Sep 10 21:55:14 IST 2020]; root of context hierarchy
2020-09-10 21:55:40 [Thread-5] INFO  o.s.b.a.mongo.embedded.EmbeddedMongo -
				2020-09-10T21:55:40.974+0530 I NETWORK  [initandlisten] connection accepted from 127.0.0.1:52879 #2 (2 connections now open)
2020-09-10 21:55:40 [Thread-7] INFO  o.s.w.c.s.GenericWebApplicationContext -
				Closing org.springframework.web.context.support.GenericWebApplicationContext@3dd31157: startup date [Thu Sep 10 21:55:21 IST 2020]; root of context hierarchy
2020-09-10 21:55:40 [Thread-12] INFO  o.s.c.a.AnnotationConfigApplicationContext -
				Closing org.springframework.context.annotation.AnnotationConfigApplicationContext@495da9a7: startup date [Thu Sep 10 21:55:37 IST 2020]; root of context hierarchy
2020-09-10 21:55:40 [Thread-10] INFO  o.s.b.a.mongo.embedded.EmbeddedMongo -
				2020-09-10T21:55:40.976+0530 I NETWORK  [initandlisten] connection accepted from 127.0.0.1:52880 #3 (3 connections now open)
2020-09-10 21:55:40 [Thread-10] INFO  o.s.b.a.mongo.embedded.EmbeddedMongo -
				2020-09-10T21:55:40.983+0530 I COMMAND  [conn3] terminating, shutdown command received
2020-09-10 21:55:40 [Thread-10] INFO  o.s.b.a.mongo.embedded.EmbeddedMongo -
				2020-09-10T21:55:40.983+0530 I FTDC     [conn3] Shutting down full-time diagnostic data capture
2020-09-10 21:55:40 [Thread-7] INFO  o.s.c.s.DefaultLifecycleProcessor -
				Stopping beans in phase 2147483647
2020-09-10 21:55:40 [Thread-5] INFO  o.s.b.a.mongo.embedded.EmbeddedMongo -
				2020-09-10T21:55:40.996+0530 I COMMAND  [conn2] terminating, shutdown command received
2020-09-10 21:55:40 [Thread-5] INFO  o.s.b.a.mongo.embedded.EmbeddedMongo -
				2020-09-10T21:55:40.996+0530 I FTDC     [conn2] Shutting down full-time diagnostic data capture
2020-09-10 21:55:41 [Thread-12] INFO  org.mongodb.driver.connection -
				Closed connection [connectionId{localValue:3, serverValue:2}] to localhost:52869 because the pool has been closed.
2020-09-10 21:55:41 [Thread-10] INFO  o.s.b.a.mongo.embedded.EmbeddedMongo -
				2020-09-10T21:55:41.006+0530 I NETWORK  [conn2] end connection 127.0.0.1:52878 (2 connections now open)
2020-09-10 21:55:41 [Thread-5] INFO  o.s.b.a.mongo.embedded.EmbeddedMongo -
				2020-09-10T21:55:41.008+0530 I NETWORK  [conn1] end connection 127.0.0.1:52856 (1 connection now open)
2020-09-10 21:55:41 [Thread-10] INFO  o.s.b.a.mongo.embedded.EmbeddedMongo -
				2020-09-10T21:55:41.009+0530 I NETWORK  [conn1] end connection 127.0.0.1:52877 (1 connection now open)
2020-09-10 21:55:41 [Thread-5] INFO  o.s.b.a.mongo.embedded.EmbeddedMongo -
				2020-09-10T21:55:41.052+0530 I CONTROL  [conn2] now exiting
2020-09-10 21:55:41 [Thread-5] INFO  o.s.b.a.mongo.embedded.EmbeddedMongo -
				2020-09-10T21:55:41.052+0530 I NETWORK  [conn2] shutdown: going to close listening sockets...
2020-09-10 21:55:41 [Thread-5] INFO  o.s.b.a.mongo.embedded.EmbeddedMongo -
				2020-09-10T21:55:41.053+0530 I NETWORK  [conn2] closing listening socket: 692
2020-09-10 21:55:41 [Thread-5] INFO  o.s.b.a.mongo.embedded.EmbeddedMongo -
				2020-09-10T21:55:41.053+0530 I NETWORK  [conn2] shutdown: going to flush diaglog...
2020-09-10 21:55:41 [Thread-5] INFO  o.s.b.a.mongo.embedded.EmbeddedMongo -
				2020-09-10T21:55:41.053+0530 I NETWORK  [conn2] shutdown: going to close sockets...
2020-09-10 21:55:41 [Thread-5] INFO  o.s.b.a.mongo.embedded.EmbeddedMongo -
				2020-09-10T21:55:41.053+0530 I STORAGE  [conn2] WiredTigerKVEngine shutting down
2020-09-10 21:55:41 [Thread-4] INFO  d.f.e.process.runtime.ProcessControl -
				stopOrDestroyProcess: process has not exited 
2020-09-10 21:55:41 [Thread-5] INFO  o.s.b.a.mongo.embedded.EmbeddedMongo -
				2020-09-10T21:55:41.229+0530 I STORAGE  [conn2] shutdown: removing fs lock...
2020-09-10 21:55:41 [Thread-5] INFO  o.s.b.a.mongo.embedded.EmbeddedMongo -
				2020-09-10T21:55:41.231+0530 I CONTROL  [conn2] dbexit:  rc: 0
2020-09-10 21:55:41 [Thread-10] INFO  o.s.b.a.mongo.embedded.EmbeddedMongo -
				2020-09-10T21:55:41.268+0530 I CONTROL  [conn3] now exiting
2020-09-10 21:55:41 [Thread-10] INFO  o.s.b.a.mongo.embedded.EmbeddedMongo -
				2020-09-10T21:55:41.268+0530 I NETWORK  [conn3] shutdown: going to close listening sockets...
2020-09-10 21:55:41 [Thread-10] INFO  o.s.b.a.mongo.embedded.EmbeddedMongo -
				2020-09-10T21:55:41.268+0530 I NETWORK  [conn3] closing listening socket: 700
2020-09-10 21:55:41 [Thread-10] INFO  o.s.b.a.mongo.embedded.EmbeddedMongo -
				2020-09-10T21:55:41.268+0530 I NETWORK  [conn3] shutdown: going to flush diaglog...
2020-09-10 21:55:41 [Thread-10] INFO  o.s.b.a.mongo.embedded.EmbeddedMongo -
				2020-09-10T21:55:41.268+0530 I NETWORK  [conn3] shutdown: going to close sockets...
2020-09-10 21:55:41 [Thread-10] INFO  o.s.b.a.mongo.embedded.EmbeddedMongo -
				2020-09-10T21:55:41.276+0530 I STORAGE  [conn3] WiredTigerKVEngine shutting down
2020-09-10 21:55:41 [Thread-9] INFO  d.f.e.process.runtime.ProcessControl -
				stopOrDestroyProcess: process has not exited 
2020-09-10 21:55:41 [Thread-10] INFO  o.s.b.a.mongo.embedded.EmbeddedMongo -
				2020-09-10T21:55:41.662+0530 I STORAGE  [conn3] shutdown: removing fs lock...
2020-09-10 21:55:41 [Thread-10] INFO  o.s.b.a.mongo.embedded.EmbeddedMongo -
				2020-09-10T21:55:41.662+0530 I CONTROL  [conn3] dbexit:  rc: 0
